[2021-11-03 10:42:45] [ INFO ] [ServidorH2:53] Mediacamento com id 1 foi deletado
[2021-11-03 10:43:54] [ INFO ] [ServidorH2:53] Mediacamento com id 1 foi deletado
[2021-11-03 10:44:17] [ INFO ] [ServidorH2:53] Mediacamento com id 1 foi deletado
[2021-11-03 12:48:41] [ INFO ] [ServidorH2:71] --------------------
[2021-11-03 12:48:41] [ INFO ] [ServidorH2:72] 1 
12345 
Dorflex 
NeoQuimica 
15 
8.5
[2021-11-03 12:48:41] [ INFO ] [ServidorH2:79] --------------------
[2021-11-03 12:48:41] [ INFO ] [ServidorH2:99] --------------------
[2021-11-03 12:48:41] [ INFO ] [ServidorH2:100] 1 
12345 
Dorflex 
NeoQuimica 
15 
8.5
[2021-11-03 12:48:41] [ INFO ] [ServidorH2:107] --------------------
[2021-11-03 12:48:41] [ INFO ] [ServidorH2:53] Mediacamento com id 1 foi deletado
[2021-11-03 12:50:25] [ INFO ] [ServidorH2:71] --------------------
[2021-11-03 12:50:25] [ INFO ] [ServidorH2:72] 
1 
12345 
Dorflex 
NeoQuimica 
15 
8.5
[2021-11-03 12:50:25] [ INFO ] [ServidorH2:79] --------------------
[2021-11-03 12:50:25] [ INFO ] [ServidorH2:99] --------------------
[2021-11-03 12:50:25] [ INFO ] [ServidorH2:100] 
1 
12345 
Dorflex 
NeoQuimica 
15 
8.5
[2021-11-03 12:50:25] [ INFO ] [ServidorH2:107] --------------------
[2021-11-03 12:50:25] [ INFO ] [ServidorH2:53] Mediacamento com id 1 foi deletado
[2021-11-03 12:53:32] [ INFO ] [ServidorH2:37] Mediacamento Dorflex foi incluído
[2021-11-03 12:53:32] [ INFO ] [ServidorH2:72] --------------------
[2021-11-03 12:53:32] [ INFO ] [ServidorH2:73] 
1 
12345 
Dorflex 
NeoQuimica 
15 
8.5
[2021-11-03 12:53:32] [ INFO ] [ServidorH2:80] --------------------
[2021-11-03 12:53:32] [ INFO ] [ServidorH2:100] --------------------
[2021-11-03 12:53:32] [ INFO ] [ServidorH2:101] 
1 
12345 
Dorflex 
NeoQuimica 
15 
8.5
[2021-11-03 12:53:32] [ INFO ] [ServidorH2:108] --------------------
[2021-11-03 12:53:32] [ INFO ] [ServidorH2:54] Mediacamento com id 1 foi deletado
