[2021-11-08 10:57:04] [ INFO ] [ServidorDentista:30] Tabela Dentista foi criada
[2021-11-08 10:57:04] [ INFO ] [ServidorDentista:63] Dentista com id 1 foi incluido
[2021-11-08 10:59:03] [ INFO ] [ServidorDentista:30] Tabela Dentista foi criada
[2021-11-08 10:59:03] [ INFO ] [ServidorDentista:63] Dentista com id 1 foi incluido
[2021-11-08 10:59:03] [ INFO ] [ServidorDentista:63] Dentista com id 2 foi incluido
[2021-11-08 12:24:47] [ INFO ] [ServidorDentista:31] Tabela Dentista foi criada
[2021-11-08 12:24:47] [ INFO ] [ServidorDentista:63] Dentista com id 1 foi incluido
[2021-11-08 12:24:47] [ INFO ] [ServidorDentista:63] Dentista com id 2 foi incluido
[2021-11-08 12:24:47] [ INFO ] [ServidorDentista:63] Dentista com id 3 foi incluido
[2021-11-08 12:24:47] [ INFO ] [ServidorDentista:63] Dentista com id 4 foi incluido
[2021-11-08 12:24:47] [ INFO ] [ServidorDentista:63] Dentista com id 5 foi incluido
[2021-11-08 12:24:47] [ INFO ] [ServidorDentista:111] 
------ 
1 
12345 
Renata 
Antonelli 
------ 
[2021-11-08 12:24:47] [ INFO ] [ServidorDentista:111] 
------ 
2 
12346 
Marcolério 
Vidoti 
------ 
[2021-11-08 12:24:47] [ INFO ] [ServidorDentista:111] 
------ 
3 
12347 
Renan 
Mofo 
------ 
[2021-11-08 12:24:47] [ INFO ] [ServidorDentista:111] 
------ 
4 
12348 
Adriane 
Fernandes 
------ 
[2021-11-08 12:24:47] [ INFO ] [ServidorDentista:111] 
------ 
5 
12349 
Camila 
Labella 
------ 
[2021-11-08 12:28:34] [ INFO ] [ServidorDentista:31] Tabela Dentista foi criada
[2021-11-08 12:28:34] [ INFO ] [ServidorDentista:63] Dentista com id 1 foi incluido
[2021-11-08 12:28:34] [ INFO ] [ServidorDentista:63] Dentista com id 2 foi incluido
[2021-11-08 12:28:34] [ INFO ] [ServidorDentista:63] Dentista com id 3 foi incluido
[2021-11-08 12:28:34] [ INFO ] [ServidorDentista:63] Dentista com id 4 foi incluido
[2021-11-08 12:28:34] [ INFO ] [ServidorDentista:63] Dentista com id 5 foi incluido
[2021-11-08 12:28:34] [ INFO ] [ServidorDentista:111] 
------ 
1 
12345 
Renata 
Antonelli 
------ 
[2021-11-08 12:28:34] [ INFO ] [ServidorDentista:111] 
------ 
2 
12346 
Marcolério 
Vidoti 
------ 
[2021-11-08 12:28:34] [ INFO ] [ServidorDentista:111] 
------ 
3 
12347 
Renan 
Mofo 
------ 
[2021-11-08 12:28:34] [ INFO ] [ServidorDentista:111] 
------ 
4 
12348 
Adriane 
Fernandes 
------ 
[2021-11-08 12:28:34] [ INFO ] [ServidorDentista:111] 
------ 
5 
12349 
Camila 
Labella 
------ 
[2021-11-08 12:29:55] [ INFO ] [ServidorDentista:31] Tabela Dentista foi criada
[2021-11-08 12:29:55] [ INFO ] [ServidorDentista:63] Dentista com id 1 foi incluido
[2021-11-08 12:29:55] [ INFO ] [ServidorDentista:63] Dentista com id 2 foi incluido
[2021-11-08 12:29:55] [ INFO ] [ServidorDentista:63] Dentista com id 3 foi incluido
[2021-11-08 12:29:55] [ INFO ] [ServidorDentista:63] Dentista com id 4 foi incluido
[2021-11-08 12:29:55] [ INFO ] [ServidorDentista:63] Dentista com id 5 foi incluido
[2021-11-08 12:29:55] [ INFO ] [ServidorDentista:111] 
------ 
1 
12345 
Renata 
Antonelli 
------ 
[2021-11-08 12:29:56] [ INFO ] [ServidorDentista:111] 
------ 
2 
12346 
Marcolério 
Vidoti 
------ 
[2021-11-08 12:29:56] [ INFO ] [ServidorDentista:111] 
------ 
3 
12347 
Renan 
Mofo 
------ 
[2021-11-08 12:29:56] [ INFO ] [ServidorDentista:111] 
------ 
4 
12348 
Adriane 
Fernandes 
------ 
[2021-11-08 12:29:56] [ INFO ] [ServidorDentista:111] 
------ 
5 
12349 
Camila 
Labella 
------ 
[2021-11-08 12:31:19] [ INFO ] [ServidorDentista:31] Tabela Dentista foi criada
[2021-11-08 12:31:19] [ INFO ] [ServidorDentista:63] Dentista com id 1 foi incluido
[2021-11-08 12:31:19] [ INFO ] [ServidorDentista:63] Dentista com id 2 foi incluido
[2021-11-08 12:31:19] [ INFO ] [ServidorDentista:63] Dentista com id 3 foi incluido
[2021-11-08 12:31:19] [ INFO ] [ServidorDentista:63] Dentista com id 4 foi incluido
[2021-11-08 12:31:19] [ INFO ] [ServidorDentista:63] Dentista com id 5 foi incluido
[2021-11-08 12:31:19] [ INFO ] [ServidorDentista:111] 
------ 
1 
12345 
Renata 
Antonelli 
------
[2021-11-08 12:31:19] [ INFO ] [ServidorDentista:111] 
------ 
2 
12346 
Marcolério 
Vidoti 
------
[2021-11-08 12:31:19] [ INFO ] [ServidorDentista:111] 
------ 
3 
12347 
Renan 
Mofo 
------
[2021-11-08 12:31:19] [ INFO ] [ServidorDentista:111] 
------ 
4 
12348 
Adriane 
Fernandes 
------
[2021-11-08 12:31:19] [ INFO ] [ServidorDentista:111] 
------ 
5 
12349 
Camila 
Labella 
------
[2021-11-08 12:45:14] [ INFO ] [ServidorDentista:31] Tabela Dentista foi criada
[2021-11-08 12:45:14] [ INFO ] [ServidorDentista:63] Dentista com id 1 foi incluido
[2021-11-08 12:45:14] [ INFO ] [ServidorDentista:63] Dentista com id 2 foi incluido
[2021-11-08 12:45:14] [ INFO ] [ServidorDentista:63] Dentista com id 3 foi incluido
[2021-11-08 12:45:14] [ INFO ] [ServidorDentista:63] Dentista com id 4 foi incluido
[2021-11-08 12:45:14] [ INFO ] [ServidorDentista:63] Dentista com id 5 foi incluido
[2021-11-08 12:45:14] [ INFO ] [ServidorDentista:111] 
------ 
1 
12345 
Renata 
Antonelli 
------
[2021-11-08 12:45:14] [ INFO ] [ServidorDentista:111] 
------ 
2 
12346 
Marcolério 
Vidoti 
------
[2021-11-08 12:45:14] [ INFO ] [ServidorDentista:111] 
------ 
3 
12347 
Renan 
Mofo 
------
[2021-11-08 12:45:14] [ INFO ] [ServidorDentista:111] 
------ 
4 
12348 
Adriane 
Fernandes 
------
[2021-11-08 12:45:14] [ INFO ] [ServidorDentista:111] 
------ 
5 
12349 
Camila 
Labella 
------
